Arguments: 
  C:\Program Files\nodejs\node.exe C:\Users\ThePmyBook\AppData\Roaming\npm\node_modules\yarn\bin\yarn.js init

PATH: 
  "C:\Users\ThePmyBook\AppData\Local\Android\Sdk\tools;C:\Users\ThePmyBook\AppData\Local\Android\Sdk\platform-tools；";C:\Download\jdk1.8.0_66\bin;C:\ProgramData\Oracle\Java\javapath;C:\Program Files (x86)\Intel\Intel(R) Management Engine Components\iCLS\;C:\Program Files\Intel\Intel(R) Management Engine Components\iCLS\;C:\Windows\system32;C:\Windows;C:\Windows\System32\Wbem;C:\Windows\System32\WindowsPowerShell\v1.0\;C:\Windows\System32\OpenSSH\;C:\Program Files (x86)\Intel\Intel(R) Management Engine Components\DAL;C:\Program Files\Intel\Intel(R) Management Engine Components\DAL;C:\Program Files (x86)\Intel\Intel(R) Management Engine Components\IPT;C:\Program Files\Intel\Intel(R) Management Engine Components\IPT;C:\Program Files (x86)\NVIDIA Corporation\PhysX\Common;C:\Program Files\NVIDIA Corporation\NVIDIA NvDLISR;C:\Program Files\Intel\WiFi\bin\;C:\Program Files\Common Files\Intel\WirelessCommon\;C:\Program Files\Git\cmd;C:\Users\ThePmyBook\AppData\Local\Yarn\Data\global\node_modules\.bin;C:\Program Files\nodejs\;C:\WINDOWS\system32;C:\WINDOWS;C:\WINDOWS\System32\Wbem;C:\WINDOWS\System32\WindowsPowerShell\v1.0\;C:\WINDOWS\System32\OpenSSH\;C:\Users\ThePmyBook\AppData\Local\Programs\Python\Python37-32\Scripts\;C:\Users\ThePmyBook\AppData\Local\Programs\Python\Python37-32\;C:\Users\ThePmyBook\AppData\Local\Microsoft\WindowsApps;C:\Users\ThePmyBook\AppData\Local\Programs\Microsoft VS Code\bin;C:\Program Files\Bandizip\;C:\Users\ThePmyBook\AppData\Local\Android\Sdk\tools;C:\Users\ThePmyBook\AppData\Local\Android\Sdk\platform-tools;"C:\Download\jdk1.8.0_66\bin;C:\Download\jdk1.8.0_66\jre\bin";C:\Users\ThePmyBook\AppData\Roaming\npm;;C:\Program Files\JetBrains\WebStorm 2020.1.1\bin;

Yarn version: 
  1.16.0

Node version: 
  12.16.1

Platform: 
  win32 x64

Trace: 
  SyntaxError: C:\work\work-2021\anmai_cloud\package.json: Unexpected token y in JSON at position 367
      at JSON.parse (<anonymous>)
      at C:\Users\ThePmyBook\AppData\Roaming\npm\node_modules\yarn\lib\cli.js:1625:59
      at Generator.next (<anonymous>)
      at step (C:\Users\ThePmyBook\AppData\Roaming\npm\node_modules\yarn\lib\cli.js:304:30)
      at C:\Users\ThePmyBook\AppData\Roaming\npm\node_modules\yarn\lib\cli.js:315:13

npm manifest: 
  {
    "name": "scrollmagic-demo",
    "version": "1.0.0",
    "description": "",
    "main": "index.html",
    "scripts": {
      "start": "live-server",
      "build": "echo This is a static template, there is no bundler or bundling involved!"
    },
    "repository": {
      "type": "git",
      "url": "git+https://github.com/codesandbox-app/static-template.git"
    },
    "keywords": [],yar
    "author": "Ives van Hoorne",
    "license": "MIT",
    "bugs": {
      "url": "https://github.com/codesandbox-app/static-template/issues"
    },
    "homepage": "https://github.com/codesandbox-app/static-template#readme",
    "devDependencies": {},
    "dependencies": {
      "live-serve": "^0.0.0"
    }
  }

yarn manifest: 
  No manifest

Lockfile: 
  # THIS IS AN AUTOGENERATED FILE. DO NOT EDIT THIS FILE DIRECTLY.
  # yarn lockfile v1
  
  
  live-serve@^0.0.0:
    version "0.0.0"
    resolved "https://registry.nlark.com/live-serve/download/live-serve-0.0.0.tgz#2b9c45f0163d7e2778285ec0701442c99e6af564"
    integrity sha1-K5xF8BY9fid4KF7AcBRCyZ5q9WQ=
